[0817/140615.246:ERROR:process_memory_win.cc(73)] ReadMemory at 0x7ff79b9f0000 of 64 bytes failed: Only part of a ReadProcessMemory or WriteProcessMemory request was completed. (0x12B)
[0817/140616.097:WARNING:pe_image_reader.cc(340)] could not read dos header from C:\Program Files (x86)\Google\Chrome\Application\chrome.exe
[0817/140616.097:ERROR:process_memory_win.cc(73)] ReadMemory at 0x7ffdaa280000 of 64 bytes failed: Only part of a ReadProcessMemory or WriteProcessMemory request was completed. (0x12B)
[0817/140616.097:WARNING:pe_image_reader.cc(340)] could not read dos header from C:\WINDOWS\SYSTEM32\ntdll.dll
[0817/140616.097:ERROR:process_memory_win.cc(73)] ReadMemory at 0x7ffda86c0000 of 64 bytes failed: Only part of a ReadProcessMemory or WriteProcessMemory request was completed. (0x12B)
[0817/140616.101:WARNING:pe_image_reader.cc(340)] could not read dos header from C:\WINDOWS\System32\KERNEL32.DLL
[0817/140616.101:ERROR:process_memory_win.cc(73)] ReadMemory at 0x7ffda8080000 of 64 bytes failed: Only part of a ReadProcessMemory or WriteProcessMemory request was completed. (0x12B)
[0817/140616.101:WARNING:pe_image_reader.cc(340)] could not read dos header from C:\WINDOWS\System32\KERNELBASE.dll
[0817/140616.101:ERROR:process_memory_win.cc(73)] ReadMemory at 0x7ffd88600000 of 64 bytes failed: Only part of a ReadProcessMemory or WriteProcessMemory request was completed. (0x12B)
[0817/140616.101:WARNING:pe_image_reader.cc(340)] could not read dos header from C:\Program Files (x86)\Google\Chrome\Application\84.0.4147.125\chrome_elf.dll
[0817/140616.101:ERROR:process_memory_win.cc(73)] ReadMemory at 0x7ffda0ba0000 of 64 bytes failed: Only part of a ReadProcessMemory or WriteProcessMemory request was completed. (0x12B)
[0817/140616.101:WARNING:pe_image_reader.cc(340)] could not read dos header from C:\WINDOWS\SYSTEM32\VERSION.dll
[0817/140616.101:ERROR:process_memory_win.cc(73)] ReadMemory at 0x7ffda8580000 of 64 bytes failed: Only part of a ReadProcessMemory or WriteProcessMemory request was completed. (0x12B)
[0817/140616.101:WARNING:pe_image_reader.cc(340)] could not read dos header from C:\WINDOWS\System32\msvcrt.dll
[0817/140616.101:ERROR:process_memory_win.cc(73)] ReadMemory at 0x7ffda7f50000 of 64 bytes failed: Only part of a ReadProcessMemory or WriteProcessMemory request was completed. (0x12B)
[0817/140616.101:WARNING:pe_image_reader.cc(340)] could not read dos header from C:\WINDOWS\System32\bcryptPrimitives.dll
[0817/140616.101:ERROR:process_memory_win.cc(73)] ReadMemory at 0x7ffda8810000 of 64 bytes failed: Only part of a ReadProcessMemory or WriteProcessMemory request was completed. (0x12B)
[0817/140616.101:WARNING:pe_image_reader.cc(340)] could not read dos header from C:\WINDOWS\System32\ADVAPI32.dll
[0817/140616.101:ERROR:process_memory_win.cc(73)] ReadMemory at 0x7ffda8620000 of 64 bytes failed: Only part of a ReadProcessMemory or WriteProcessMemory request was completed. (0x12B)
[0817/140616.101:WARNING:pe_image_reader.cc(340)] could not read dos header from C:\WINDOWS\System32\sechost.dll
[0817/140616.101:ERROR:process_memory_win.cc(73)] ReadMemory at 0x7ffda9190000 of 64 bytes failed: Only part of a ReadProcessMemory or WriteProcessMemory request was completed. (0x12B)
[0817/140616.101:WARNING:pe_image_reader.cc(340)] could not read dos header from C:\WINDOWS\System32\RPCRT4.dll
[0817/140616.101:ERROR:process_memory_win.cc(73)] ReadMemory at 0x7ffd5aa80000 of 64 bytes failed: Only part of a ReadProcessMemory or WriteProcessMemory request was completed. (0x12B)
[0817/140616.101:WARNING:pe_image_reader.cc(340)] could not read dos header from C:\Program Files (x86)\Google\Chrome\Application\84.0.4147.125\chrome.dll
[0817/140616.105:ERROR:process_memory_win.cc(73)] ReadMemory at 0x7ffda8ca0000 of 64 bytes failed: Only part of a ReadProcessMemory or WriteProcessMemory request was completed. (0x12B)
[0817/140616.105:WARNING:pe_image_reader.cc(340)] could not read dos header from C:\WINDOWS\System32\WS2_32.dll
[0817/140616.105:ERROR:process_memory_win.cc(73)] ReadMemory at 0x7ffda8330000 of 64 bytes failed: Only part of a ReadProcessMemory or WriteProcessMemory request was completed. (0x12B)
[0817/140616.105:WARNING:pe_image_reader.cc(340)] could not read dos header from C:\WINDOWS\System32\OLEAUT32.dll
[0817/140616.105:ERROR:process_memory_win.cc(73)] ReadMemory at 0x7ffda73d0000 of 64 bytes failed: Only part of a ReadProcessMemory or WriteProcessMemory request was completed. (0x12B)
[0817/140616.105:WARNING:pe_image_reader.cc(340)] could not read dos header from C:\WINDOWS\System32\msvcp_win.dll
[0817/140616.105:ERROR:process_memory_win.cc(73)] ReadMemory at 0x7ffda7610000 of 64 bytes failed: Only part of a ReadProcessMemory or WriteProcessMemory request was completed. (0x12B)
[0817/140616.105:WARNING:pe_image_reader.cc(340)] could not read dos header from C:\WINDOWS\System32\ucrtbase.dll
[0817/140616.105:ERROR:process_memory_win.cc(73)] ReadMemory at 0x7ffda9480000 of 64 bytes failed: Only part of a ReadProcessMemory or WriteProcessMemory request was completed. (0x12B)
[0817/140616.105:WARNING:pe_image_reader.cc(340)] could not read dos header from C:\WINDOWS\System32\combase.dll
[0817/140616.105:ERROR:process_memory_win.cc(73)] ReadMemory at 0x7ffda7fd0000 of 64 bytes failed: Only part of a ReadProcessMemory or WriteProcessMemory request was completed. (0x12B)
[0817/140616.105:WARNING:pe_image_reader.cc(340)] could not read dos header from C:\WINDOWS\System32\WINTRUST.dll
[0817/140616.105:ERROR:process_memory_win.cc(73)] ReadMemory at 0x7ffda71e0000 of 64 bytes failed: Only part of a ReadProcessMemory or WriteProcessMemory request was completed. (0x12B)
[0817/140616.105:WARNING:pe_image_reader.cc(340)] could not read dos header from C:\WINDOWS\System32\MSASN1.dll
[0817/140616.105:ERROR:process_memory_win.cc(73)] ReadMemory at 0x7ffda7200000 of 64 bytes failed: Only part of a ReadProcessMemory or WriteProcessMemory request was completed. (0x12B)
[0817/140616.109:WARNING:pe_image_reader.cc(340)] could not read dos header from C:\WINDOWS\System32\CRYPT32.dll
[0817/140616.109:ERROR:process_memory_win.cc(73)] ReadMemory at 0x7ffda6650000 of 64 bytes failed: Only part of a ReadProcessMemory or WriteProcessMemory request was completed. (0x12B)
[0817/140616.109:WARNING:pe_image_reader.cc(340)] could not read dos header from C:\WINDOWS\SYSTEM32\IPHLPAPI.DLL
[0817/140616.109:ERROR:process_memory_win.cc(73)] ReadMemory at 0x7ffda5080000 of 64 bytes failed: Only part of a ReadProcessMemory or WriteProcessMemory request was completed. (0x12B)
[0817/140616.109:WARNING:pe_image_reader.cc(340)] could not read dos header from C:\WINDOWS\SYSTEM32\WINMM.dll
[0817/140616.109:ERROR:process_memory_win.cc(73)] ReadMemory at 0x7ffd95020000 of 64 bytes failed: Only part of a ReadProcessMemory or WriteProcessMemory request was completed. (0x12B)
[0817/140616.109:WARNING:pe_image_reader.cc(340)] could not read dos header from C:\WINDOWS\SYSTEM32\Secur32.dll
[0817/140616.109:ERROR:process_memory_win.cc(73)] ReadMemory at 0x7ffda7050000 of 64 bytes failed: Only part of a ReadProcessMemory or WriteProcessMemory request was completed. (0x12B)
[0817/140616.109:WARNING:pe_image_reader.cc(340)] could not read dos header from C:\WINDOWS\SYSTEM32\USERENV.dll
[0817/140616.109:ERROR:process_memory_win.cc(73)] ReadMemory at 0x7ffda71b0000 of 64 bytes failed: Only part of a ReadProcessMemory or WriteProcessMemory request was completed. (0x12B)
[0817/140616.109:WARNING:pe_image_reader.cc(340)] could not read dos header from C:\WINDOWS\System32\profapi.dll
[0817/140616.109:ERROR:process_memory_win.cc(73)] ReadMemory at 0x7ffd7db80000 of 64 bytes failed: Only part of a ReadProcessMemory or WriteProcessMemory request was completed. (0x12B)
[0817/140616.109:WARNING:pe_image_reader.cc(340)] could not read dos header from C:\WINDOWS\SYSTEM32\UIAutomationCore.DLL
[0817/140616.109:ERROR:process_memory_win.cc(73)] ReadMemory at 0x7ffd979f0000 of 64 bytes failed: Only part of a ReadProcessMemory or WriteProcessMemory request was completed. (0x12B)
[0817/140616.109:WARNING:pe_image_reader.cc(340)] could not read dos header from C:\WINDOWS\SYSTEM32\DWrite.dll
[0817/140616.109:ERROR:process_memory_win.cc(73)] ReadMemory at 0x7ffd9e650000 of 64 bytes failed: Only part of a ReadProcessMemory or WriteProcessMemory request was completed. (0x12B)
[0817/140616.109:WARNING:pe_image_reader.cc(340)] could not read dos header from C:\WINDOWS\SYSTEM32\WINSPOOL.DRV
[0817/140616.109:ERROR:process_memory_win.cc(73)] ReadMemory at 0x7ffda7190000 of 64 bytes failed: Only part of a ReadProcessMemory or WriteProcessMemory request was completed. (0x12B)
[0817/140616.109:WARNING:pe_image_reader.cc(340)] could not read dos header from C:\WINDOWS\System32\kernel.appcore.dll
[0817/140616.109:ERROR:process_memory_win.cc(73)] ReadMemory at 0x7ffda7350000 of 64 bytes failed: Only part of a ReadProcessMemory or WriteProcessMemory request was completed. (0x12B)
[0817/140616.109:WARNING:pe_image_reader.cc(340)] could not read dos header from C:\WINDOWS\System32\bcrypt.dll
[0817/140616.109:ERROR:process_memory_win.cc(73)] ReadMemory at 0x7ffd9f670000 of 64 bytes failed: Only part of a ReadProcessMemory or WriteProcessMemory request was completed. (0x12B)
[0817/140616.109:WARNING:pe_image_reader.cc(340)] could not read dos header from C:\WINDOWS\SYSTEM32\dbghelp.dll
[0817/140616.109:ERROR:process_memory_win.cc(73)] ReadMemory at 0x7ffd96c90000 of 64 bytes failed: Only part of a ReadProcessMemory or WriteProcessMemory request was completed. (0x12B)
[0817/140616.109:WARNING:pe_image_reader.cc(340)] could not read dos header from C:\WINDOWS\SYSTEM32\WINHTTP.dll
[0817/140616.109:ERROR:process_memory_win.cc(73)] ReadMemory at 0x7ffd9de10000 of 64 bytes failed: Only part of a ReadProcessMemory or WriteProcessMemory request was completed. (0x12B)
[0817/140616.109:WARNING:pe_image_reader.cc(340)] could not read dos header from C:\WINDOWS\SYSTEM32\dhcpcsvc.DLL
[0817/140616.109:ERROR:process_memory_win.cc(73)] ReadMemory at 0x7ffda9390000 of 64 bytes failed: Only part of a ReadProcessMemory or WriteProcessMemory request was completed. (0x12B)
[0817/140616.109:WARNING:pe_image_reader.cc(340)] could not read dos header from C:\WINDOWS\System32\NSI.dll
[0817/140616.113:ERROR:process_memory_win.cc(73)] ReadMemory at 0x7ffda4ce0000 of 64 bytes failed: Only part of a ReadProcessMemory or WriteProcessMemory request was completed. (0x12B)
[0817/140616.113:WARNING:pe_image_reader.cc(340)] could not read dos header from C:\WINDOWS\SYSTEM32\WINMMBASE.dll
[0817/140616.113:ERROR:process_memory_win.cc(73)] ReadMemory at 0x7ffda8030000 of 64 bytes failed: Only part of a ReadProcessMemory or WriteProcessMemory request was completed. (0x12B)
[0817/140616.113:WARNING:pe_image_reader.cc(340)] could not read dos header from C:\WINDOWS\System32\cfgmgr32.dll
[0817/140616.113:ERROR:process_memory_win.cc(73)] ReadMemory at 0x7ffda3550000 of 64 bytes failed: Only part of a ReadProcessMemory or WriteProcessMemory request was completed. (0x12B)
[0817/140616.113:WARNING:pe_image_reader.cc(340)] could not read dos header from C:\WINDOWS\SYSTEM32\PROPSYS.dll
[0817/140616.113:ERROR:process_memory_win.cc(73)] ReadMemory at 0x7ffda93d0000 of 64 bytes failed: Only part of a ReadProcessMemory or WriteProcessMemory request was completed. (0x12B)
[0817/140616.113:WARNING:pe_image_reader.cc(340)] could not read dos header from C:\WINDOWS\System32\shcore.dll
[0817/140616.113:ERROR:process_memory_win.cc(73)] ReadMemory at 0x7ffda7020000 of 64 bytes failed: Only part of a ReadProcessMemory or WriteProcessMemory request was completed. (0x12B)
[0817/140616.113:WARNING:pe_image_reader.cc(340)] could not read dos header from C:\WINDOWS\SYSTEM32\SSPICLI.DLL
[0817/140616.113:ERROR:process_memory_win.cc(73)] ReadMemory at 0x7ffda6b70000 of 64 bytes failed: Only part of a ReadProcessMemory or WriteProcessMemory request was completed. (0x12B)
[0817/140616.113:WARNING:pe_image_reader.cc(340)] could not read dos header from C:\WINDOWS\SYSTEM32\CRYPTBASE.DLL
[0817/140616.181:ERROR:process_memory_win.cc(73)] ReadMemory at 0x7ff79b9f0000 of 64 bytes failed: Only part of a ReadProcessMemory or WriteProcessMemory request was completed. (0x12B)
[0817/140616.181:WARNING:pe_image_reader.cc(340)] could not read dos header from C:\Program Files (x86)\Google\Chrome\Application\chrome.exe
[0817/140616.181:ERROR:process_memory_win.cc(73)] ReadMemory at 0x7ffdaa280000 of 64 bytes failed: Only part of a ReadProcessMemory or WriteProcessMemory request was completed. (0x12B)
[0817/140616.181:WARNING:pe_image_reader.cc(340)] could not read dos header from C:\WINDOWS\SYSTEM32\ntdll.dll
[0817/140616.181:ERROR:process_memory_win.cc(73)] ReadMemory at 0x7ffda86c0000 of 64 bytes failed: Only part of a ReadProcessMemory or WriteProcessMemory request was completed. (0x12B)
[0817/140616.181:WARNING:pe_image_reader.cc(340)] could not read dos header from C:\WINDOWS\System32\KERNEL32.DLL
[0817/140616.181:ERROR:process_memory_win.cc(73)] ReadMemory at 0x7ffda8080000 of 64 bytes failed: Only part of a ReadProcessMemory or WriteProcessMemory request was completed. (0x12B)
[0817/140616.181:WARNING:pe_image_reader.cc(340)] could not read dos header from C:\WINDOWS\System32\KERNELBASE.dll
[0817/140616.181:ERROR:process_memory_win.cc(73)] ReadMemory at 0x7ffd88600000 of 64 bytes failed: Only part of a ReadProcessMemory or WriteProcessMemory request was completed. (0x12B)
[0817/140616.181:WARNING:pe_image_reader.cc(340)] could not read dos header from C:\Program Files (x86)\Google\Chrome\Application\84.0.4147.125\chrome_elf.dll
[0817/140616.181:ERROR:process_memory_win.cc(73)] ReadMemory at 0x7ffda0ba0000 of 64 bytes failed: Only part of a ReadProcessMemory or WriteProcessMemory request was completed. (0x12B)
[0817/140616.185:WARNING:pe_image_reader.cc(340)] could not read dos header from C:\WINDOWS\SYSTEM32\VERSION.dll
[0817/140616.185:ERROR:process_memory_win.cc(73)] ReadMemory at 0x7ffda8580000 of 64 bytes failed: Only part of a ReadProcessMemory or WriteProcessMemory request was completed. (0x12B)
[0817/140616.185:WARNING:pe_image_reader.cc(340)] could not read dos header from C:\WINDOWS\System32\msvcrt.dll
[0817/140616.185:ERROR:process_memory_win.cc(73)] ReadMemory at 0x7ffda7f50000 of 64 bytes failed: Only part of a ReadProcessMemory or WriteProcessMemory request was completed. (0x12B)
[0817/140616.185:WARNING:pe_image_reader.cc(340)] could not read dos header from C:\WINDOWS\System32\bcryptPrimitives.dll
[0817/140616.185:ERROR:process_memory_win.cc(73)] ReadMemory at 0x7ffda8810000 of 64 bytes failed: Only part of a ReadProcessMemory or WriteProcessMemory request was completed. (0x12B)
[0817/140616.185:WARNING:pe_image_reader.cc(340)] could not read dos header from C:\WINDOWS\System32\ADVAPI32.dll
[0817/140616.185:ERROR:process_memory_win.cc(73)] ReadMemory at 0x7ffda8620000 of 64 bytes failed: Only part of a ReadProcessMemory or WriteProcessMemory request was completed. (0x12B)
[0817/140616.185:WARNING:pe_image_reader.cc(340)] could not read dos header from C:\WINDOWS\System32\sechost.dll
[0817/140616.185:ERROR:process_memory_win.cc(73)] ReadMemory at 0x7ffda9190000 of 64 bytes failed: Only part of a ReadProcessMemory or WriteProcessMemory request was completed. (0x12B)
[0817/140616.185:WARNING:pe_image_reader.cc(340)] could not read dos header from C:\WINDOWS\System32\RPCRT4.dll
[0817/140616.185:ERROR:process_memory_win.cc(73)] ReadMemory at 0x7ffd5aa80000 of 64 bytes failed: Only part of a ReadProcessMemory or WriteProcessMemory request was completed. (0x12B)
[0817/140616.185:WARNING:pe_image_reader.cc(340)] could not read dos header from C:\Program Files (x86)\Google\Chrome\Application\84.0.4147.125\chrome.dll
[0817/140616.185:ERROR:process_memory_win.cc(73)] ReadMemory at 0x7ffda8ca0000 of 64 bytes failed: Only part of a ReadProcessMemory or WriteProcessMemory request was completed. (0x12B)
[0817/140616.185:WARNING:pe_image_reader.cc(340)] could not read dos header from C:\WINDOWS\System32\WS2_32.dll
[0817/140616.185:ERROR:process_memory_win.cc(73)] ReadMemory at 0x7ffda8330000 of 64 bytes failed: Only part of a ReadProcessMemory or WriteProcessMemory request was completed. (0x12B)
[0817/140616.185:WARNING:pe_image_reader.cc(340)] could not read dos header from C:\WINDOWS\System32\OLEAUT32.dll
[0817/140616.185:ERROR:process_memory_win.cc(73)] ReadMemory at 0x7ffda73d0000 of 64 bytes failed: Only part of a ReadProcessMemory or WriteProcessMemory request was completed. (0x12B)
[0817/140616.185:WARNING:pe_image_reader.cc(340)] could not read dos header from C:\WINDOWS\System32\msvcp_win.dll
[0817/140616.185:ERROR:process_memory_win.cc(73)] ReadMemory at 0x7ffda7610000 of 64 bytes failed: Only part of a ReadProcessMemory or WriteProcessMemory request was completed. (0x12B)
[0817/140616.185:WARNING:pe_image_reader.cc(340)] could not read dos header from C:\WINDOWS\System32\ucrtbase.dll
[0817/140616.185:ERROR:process_memory_win.cc(73)] ReadMemory at 0x7ffda9480000 of 64 bytes failed: Only part of a ReadProcessMemory or WriteProcessMemory request was completed. (0x12B)
[0817/140616.185:WARNING:pe_image_reader.cc(340)] could not read dos header from C:\WINDOWS\System32\combase.dll
[0817/140616.185:ERROR:process_memory_win.cc(73)] ReadMemory at 0x7ffda7fd0000 of 64 bytes failed: Only part of a ReadProcessMemory or WriteProcessMemory request was completed. (0x12B)
[0817/140616.185:WARNING:pe_image_reader.cc(340)] could not read dos header from C:\WINDOWS\System32\WINTRUST.dll
[0817/140616.185:ERROR:process_memory_win.cc(73)] ReadMemory at 0x7ffda71e0000 of 64 bytes failed: Only part of a ReadProcessMemory or WriteProcessMemory request was completed. (0x12B)
[0817/140616.185:WARNING:pe_image_reader.cc(340)] could not read dos header from C:\WINDOWS\System32\MSASN1.dll
[0817/140616.185:ERROR:process_memory_win.cc(73)] ReadMemory at 0x7ffda7200000 of 64 bytes failed: Only part of a ReadProcessMemory or WriteProcessMemory request was completed. (0x12B)
[0817/140616.185:WARNING:pe_image_reader.cc(340)] could not read dos header from C:\WINDOWS\System32\CRYPT32.dll
[0817/140616.185:ERROR:process_memory_win.cc(73)] ReadMemory at 0x7ffda6650000 of 64 bytes failed: Only part of a ReadProcessMemory or WriteProcessMemory request was completed. (0x12B)
[0817/140616.185:WARNING:pe_image_reader.cc(340)] could not read dos header from C:\WINDOWS\SYSTEM32\IPHLPAPI.DLL
[0817/140616.185:ERROR:process_memory_win.cc(73)] ReadMemory at 0x7ffda5080000 of 64 bytes failed: Only part of a ReadProcessMemory or WriteProcessMemory request was completed. (0x12B)
[0817/140616.185:WARNING:pe_image_reader.cc(340)] could not read dos header from C:\WINDOWS\SYSTEM32\WINMM.dll
[0817/140616.185:ERROR:process_memory_win.cc(73)] ReadMemory at 0x7ffd95020000 of 64 bytes failed: Only part of a ReadProcessMemory or WriteProcessMemory request was completed. (0x12B)
[0817/140616.185:WARNING:pe_image_reader.cc(340)] could not read dos header from C:\WINDOWS\SYSTEM32\Secur32.dll
[0817/140616.185:ERROR:process_memory_win.cc(73)] ReadMemory at 0x7ffda7050000 of 64 bytes failed: Only part of a ReadProcessMemory or WriteProcessMemory request was completed. (0x12B)
[0817/140616.185:WARNING:pe_image_reader.cc(340)] could not read dos header from C:\WINDOWS\SYSTEM32\USERENV.dll
[0817/140616.185:ERROR:process_memory_win.cc(73)] ReadMemory at 0x7ffda71b0000 of 64 bytes failed: Only part of a ReadProcessMemory or WriteProcessMemory request was completed. (0x12B)
[0817/140616.185:WARNING:pe_image_reader.cc(340)] could not read dos header from C:\WINDOWS\System32\profapi.dll
[0817/140616.189:ERROR:process_memory_win.cc(73)] ReadMemory at 0x7ffd7db80000 of 64 bytes failed: Only part of a ReadProcessMemory or WriteProcessMemory request was completed. (0x12B)
[0817/140616.189:WARNING:pe_image_reader.cc(340)] could not read dos header from C:\WINDOWS\SYSTEM32\UIAutomationCore.DLL
[0817/140616.189:ERROR:process_memory_win.cc(73)] ReadMemory at 0x7ffd979f0000 of 64 bytes failed: Only part of a ReadProcessMemory or WriteProcessMemory request was completed. (0x12B)
[0817/140616.189:WARNING:pe_image_reader.cc(340)] could not read dos header from C:\WINDOWS\SYSTEM32\DWrite.dll
[0817/140616.189:ERROR:process_memory_win.cc(73)] ReadMemory at 0x7ffd9e650000 of 64 bytes failed: Only part of a ReadProcessMemory or WriteProcessMemory request was completed. (0x12B)
[0817/140616.189:WARNING:pe_image_reader.cc(340)] could not read dos header from C:\WINDOWS\SYSTEM32\WINSPOOL.DRV
[0817/140616.189:ERROR:process_memory_win.cc(73)] ReadMemory at 0x7ffda7190000 of 64 bytes failed: Only part of a ReadProcessMemory or WriteProcessMemory request was completed. (0x12B)
[0817/140616.189:WARNING:pe_image_reader.cc(340)] could not read dos header from C:\WINDOWS\System32\kernel.appcore.dll
[0817/140616.189:ERROR:process_memory_win.cc(73)] ReadMemory at 0x7ffda7350000 of 64 bytes failed: Only part of a ReadProcessMemory or WriteProcessMemory request was completed. (0x12B)
[0817/140616.189:WARNING:pe_image_reader.cc(340)] could not read dos header from C:\WINDOWS\System32\bcrypt.dll
[0817/140616.189:ERROR:process_memory_win.cc(73)] ReadMemory at 0x7ffd9f670000 of 64 bytes failed: Only part of a ReadProcessMemory or WriteProcessMemory request was completed. (0x12B)
[0817/140616.189:WARNING:pe_image_reader.cc(340)] could not read dos header from C:\WINDOWS\SYSTEM32\dbghelp.dll
[0817/140616.189:ERROR:process_memory_win.cc(73)] ReadMemory at 0x7ffd96c90000 of 64 bytes failed: Only part of a ReadProcessMemory or WriteProcessMemory request was completed. (0x12B)
[0817/140616.189:WARNING:pe_image_reader.cc(340)] could not read dos header from C:\WINDOWS\SYSTEM32\WINHTTP.dll
[0817/140616.189:ERROR:process_memory_win.cc(73)] ReadMemory at 0x7ffd9de10000 of 64 bytes failed: Only part of a ReadProcessMemory or WriteProcessMemory request was completed. (0x12B)
[0817/140616.189:WARNING:pe_image_reader.cc(340)] could not read dos header from C:\WINDOWS\SYSTEM32\dhcpcsvc.DLL
[0817/140616.189:ERROR:process_memory_win.cc(73)] ReadMemory at 0x7ffda9390000 of 64 bytes failed: Only part of a ReadProcessMemory or WriteProcessMemory request was completed. (0x12B)
[0817/140616.189:WARNING:pe_image_reader.cc(340)] could not read dos header from C:\WINDOWS\System32\NSI.dll
[0817/140616.189:ERROR:process_memory_win.cc(73)] ReadMemory at 0x7ffda4ce0000 of 64 bytes failed: Only part of a ReadProcessMemory or WriteProcessMemory request was completed. (0x12B)
[0817/140616.189:WARNING:pe_image_reader.cc(340)] could not read dos header from C:\WINDOWS\SYSTEM32\WINMMBASE.dll
[0817/140616.189:ERROR:process_memory_win.cc(73)] ReadMemory at 0x7ffda8030000 of 64 bytes failed: Only part of a ReadProcessMemory or WriteProcessMemory request was completed. (0x12B)
[0817/140616.189:WARNING:pe_image_reader.cc(340)] could not read dos header from C:\WINDOWS\System32\cfgmgr32.dll
[0817/140616.189:ERROR:process_memory_win.cc(73)] ReadMemory at 0x7ffda3550000 of 64 bytes failed: Only part of a ReadProcessMemory or WriteProcessMemory request was completed. (0x12B)
[0817/140616.189:WARNING:pe_image_reader.cc(340)] could not read dos header from C:\WINDOWS\SYSTEM32\PROPSYS.dll
[0817/140616.189:ERROR:process_memory_win.cc(73)] ReadMemory at 0x7ffda93d0000 of 64 bytes failed: Only part of a ReadProcessMemory or WriteProcessMemory request was completed. (0x12B)
[0817/140616.189:WARNING:pe_image_reader.cc(340)] could not read dos header from C:\WINDOWS\System32\shcore.dll
[0817/140616.189:ERROR:process_memory_win.cc(73)] ReadMemory at 0x7ffda7020000 of 64 bytes failed: Only part of a ReadProcessMemory or WriteProcessMemory request was completed. (0x12B)
[0817/140616.189:WARNING:pe_image_reader.cc(340)] could not read dos header from C:\WINDOWS\SYSTEM32\SSPICLI.DLL
[0817/140616.189:ERROR:process_memory_win.cc(73)] ReadMemory at 0x7ffda6b70000 of 64 bytes failed: Only part of a ReadProcessMemory or WriteProcessMemory request was completed. (0x12B)
[0817/140616.189:WARNING:pe_image_reader.cc(340)] could not read dos header from C:\WINDOWS\SYSTEM32\CRYPTBASE.DLL
[0817/140616.189:ERROR:process_memory_win.cc(73)] ReadMemory at 0x7ff79b9f0000 of 64 bytes failed: Only part of a ReadProcessMemory or WriteProcessMemory request was completed. (0x12B)
[0817/140616.189:WARNING:pe_image_reader.cc(340)] could not read dos header from C:\Program Files (x86)\Google\Chrome\Application\chrome.exe
[0817/140616.189:ERROR:process_memory_win.cc(73)] ReadMemory at 0x7ffdaa280000 of 64 bytes failed: Only part of a ReadProcessMemory or WriteProcessMemory request was completed. (0x12B)
[0817/140616.189:WARNING:pe_image_reader.cc(340)] could not read dos header from C:\WINDOWS\SYSTEM32\ntdll.dll
[0817/140616.189:ERROR:process_memory_win.cc(73)] ReadMemory at 0x7ffda86c0000 of 64 bytes failed: Only part of a ReadProcessMemory or WriteProcessMemory request was completed. (0x12B)
[0817/140616.189:WARNING:pe_image_reader.cc(340)] could not read dos header from C:\WINDOWS\System32\KERNEL32.DLL
[0817/140616.189:ERROR:process_memory_win.cc(73)] ReadMemory at 0x7ffda8080000 of 64 bytes failed: Only part of a ReadProcessMemory or WriteProcessMemory request was completed. (0x12B)
[0817/140616.189:WARNING:pe_image_reader.cc(340)] could not read dos header from C:\WINDOWS\System32\KERNELBASE.dll
[0817/140616.189:ERROR:process_memory_win.cc(73)] ReadMemory at 0x7ffd88600000 of 64 bytes failed: Only part of a ReadProcessMemory or WriteProcessMemory request was completed. (0x12B)
[0817/140616.189:WARNING:pe_image_reader.cc(340)] could not read dos header from C:\Program Files (x86)\Google\Chrome\Application\84.0.4147.125\chrome_elf.dll
[0817/140616.189:ERROR:process_memory_win.cc(73)] ReadMemory at 0x7ffda0ba0000 of 64 bytes failed: Only part of a ReadProcessMemory or WriteProcessMemory request was completed. (0x12B)
[0817/140616.189:WARNING:pe_image_reader.cc(340)] could not read dos header from C:\WINDOWS\SYSTEM32\VERSION.dll
[0817/140616.189:ERROR:process_memory_win.cc(73)] ReadMemory at 0x7ffda8580000 of 64 bytes failed: Only part of a ReadProcessMemory or WriteProcessMemory request was completed. (0x12B)
[0817/140616.189:WARNING:pe_image_reader.cc(340)] could not read dos header from C:\WINDOWS\System32\msvcrt.dll
[0817/140616.189:ERROR:process_memory_win.cc(73)] ReadMemory at 0x7ffda7f50000 of 64 bytes failed: Only part of a ReadProcessMemory or WriteProcessMemory request was completed. (0x12B)
[0817/140616.189:WARNING:pe_image_reader.cc(340)] could not read dos header from C:\WINDOWS\System32\bcryptPrimitives.dll
[0817/140616.189:ERROR:process_memory_win.cc(73)] ReadMemory at 0x7ffda8810000 of 64 bytes failed: Only part of a ReadProcessMemory or WriteProcessMemory request was completed. (0x12B)
[0817/140616.189:WARNING:pe_image_reader.cc(340)] could not read dos header from C:\WINDOWS\System32\ADVAPI32.dll
[0817/140616.189:ERROR:process_memory_win.cc(73)] ReadMemory at 0x7ffda8620000 of 64 bytes failed: Only part of a ReadProcessMemory or WriteProcessMemory request was completed. (0x12B)
[0817/140616.189:WARNING:pe_image_reader.cc(340)] could not read dos header from C:\WINDOWS\System32\sechost.dll
[0817/140616.189:ERROR:process_memory_win.cc(73)] ReadMemory at 0x7ffda9190000 of 64 bytes failed: Only part of a ReadProcessMemory or WriteProcessMemory request was completed. (0x12B)
[0817/140616.189:WARNING:pe_image_reader.cc(340)] could not read dos header from C:\WINDOWS\System32\RPCRT4.dll
[0817/140616.189:ERROR:process_memory_win.cc(73)] ReadMemory at 0x7ffd5aa80000 of 64 bytes failed: Only part of a ReadProcessMemory or WriteProcessMemory request was completed. (0x12B)
[0817/140616.189:WARNING:pe_image_reader.cc(340)] could not read dos header from C:\Program Files (x86)\Google\Chrome\Application\84.0.4147.125\chrome.dll
[0817/140616.189:ERROR:process_memory_win.cc(73)] ReadMemory at 0x7ffda8ca0000 of 64 bytes failed: Only part of a ReadProcessMemory or WriteProcessMemory request was completed. (0x12B)
[0817/140616.189:WARNING:pe_image_reader.cc(340)] could not read dos header from C:\WINDOWS\System32\WS2_32.dll
[0817/140616.189:ERROR:process_memory_win.cc(73)] ReadMemory at 0x7ffda8330000 of 64 bytes failed: Only part of a ReadProcessMemory or WriteProcessMemory request was completed. (0x12B)
[0817/140616.189:WARNING:pe_image_reader.cc(340)] could not read dos header from C:\WINDOWS\System32\OLEAUT32.dll
[0817/140616.193:ERROR:process_memory_win.cc(73)] ReadMemory at 0x7ffda73d0000 of 64 bytes failed: Only part of a ReadProcessMemory or WriteProcessMemory request was completed. (0x12B)
[0817/140616.193:WARNING:pe_image_reader.cc(340)] could not read dos header from C:\WINDOWS\System32\msvcp_win.dll
[0817/140616.193:ERROR:process_memory_win.cc(73)] ReadMemory at 0x7ffda7610000 of 64 bytes failed: Only part of a ReadProcessMemory or WriteProcessMemory request was completed. (0x12B)
[0817/140616.193:WARNING:pe_image_reader.cc(340)] could not read dos header from C:\WINDOWS\System32\ucrtbase.dll
[0817/140616.193:ERROR:process_memory_win.cc(73)] ReadMemory at 0x7ffda9480000 of 64 bytes failed: Only part of a ReadProcessMemory or WriteProcessMemory request was completed. (0x12B)
[0817/140616.193:WARNING:pe_image_reader.cc(340)] could not read dos header from C:\WINDOWS\System32\combase.dll
[0817/140616.193:ERROR:process_memory_win.cc(73)] ReadMemory at 0x7ffda7fd0000 of 64 bytes failed: Only part of a ReadProcessMemory or WriteProcessMemory request was completed. (0x12B)
[0817/140616.201:WARNING:pe_image_reader.cc(340)] could not read dos header from C:\WINDOWS\System32\WINTRUST.dll
[0817/140616.201:ERROR:process_memory_win.cc(73)] ReadMemory at 0x7ffda71e0000 of 64 bytes failed: Only part of a ReadProcessMemory or WriteProcessMemory request was completed. (0x12B)
[0817/140616.201:WARNING:pe_image_reader.cc(340)] could not read dos header from C:\WINDOWS\System32\MSASN1.dll
[0817/140616.201:ERROR:process_memory_win.cc(73)] ReadMemory at 0x7ffda7200000 of 64 bytes failed: Only part of a ReadProcessMemory or WriteProcessMemory request was completed. (0x12B)
[0817/140616.201:WARNING:pe_image_reader.cc(340)] could not read dos header from C:\WINDOWS\System32\CRYPT32.dll
[0817/140616.201:ERROR:process_memory_win.cc(73)] ReadMemory at 0x7ffda6650000 of 64 bytes failed: Only part of a ReadProcessMemory or WriteProcessMemory request was completed. (0x12B)
[0817/140616.201:WARNING:pe_image_reader.cc(340)] could not read dos header from C:\WINDOWS\SYSTEM32\IPHLPAPI.DLL
[0817/140616.201:ERROR:process_memory_win.cc(73)] ReadMemory at 0x7ffda5080000 of 64 bytes failed: Only part of a ReadProcessMemory or WriteProcessMemory request was completed. (0x12B)
[0817/140616.205:WARNING:pe_image_reader.cc(340)] could not read dos header from C:\WINDOWS\SYSTEM32\WINMM.dll
[0817/140616.205:ERROR:process_memory_win.cc(73)] ReadMemory at 0x7ffd95020000 of 64 bytes failed: Only part of a ReadProcessMemory or WriteProcessMemory request was completed. (0x12B)
[0817/140616.205:WARNING:pe_image_reader.cc(340)] could not read dos header from C:\WINDOWS\SYSTEM32\Secur32.dll
[0817/140616.205:ERROR:process_memory_win.cc(73)] ReadMemory at 0x7ffda7050000 of 64 bytes failed: Only part of a ReadProcessMemory or WriteProcessMemory request was completed. (0x12B)
[0817/140616.205:WARNING:pe_image_reader.cc(340)] could not read dos header from C:\WINDOWS\SYSTEM32\USERENV.dll
[0817/140616.205:ERROR:process_memory_win.cc(73)] ReadMemory at 0x7ffda71b0000 of 64 bytes failed: Only part of a ReadProcessMemory or WriteProcessMemory request was completed. (0x12B)
[0817/140616.205:WARNING:pe_image_reader.cc(340)] could not read dos header from C:\WINDOWS\System32\profapi.dll
[0817/140616.205:ERROR:process_memory_win.cc(73)] ReadMemory at 0x7ffd7db80000 of 64 bytes failed: Only part of a ReadProcessMemory or WriteProcessMemory request was completed. (0x12B)
[0817/140616.205:WARNING:pe_image_reader.cc(340)] could not read dos header from C:\WINDOWS\SYSTEM32\UIAutomationCore.DLL
[0817/140616.205:ERROR:process_memory_win.cc(73)] ReadMemory at 0x7ffd979f0000 of 64 bytes failed: Only part of a ReadProcessMemory or WriteProcessMemory request was completed. (0x12B)
[0817/140616.205:WARNING:pe_image_reader.cc(340)] could not read dos header from C:\WINDOWS\SYSTEM32\DWrite.dll
[0817/140616.205:ERROR:process_memory_win.cc(73)] ReadMemory at 0x7ffd9e650000 of 64 bytes failed: Only part of a ReadProcessMemory or WriteProcessMemory request was completed. (0x12B)
[0817/140616.205:WARNING:pe_image_reader.cc(340)] could not read dos header from C:\WINDOWS\SYSTEM32\WINSPOOL.DRV
[0817/140616.205:ERROR:process_memory_win.cc(73)] ReadMemory at 0x7ffda7190000 of 64 bytes failed: Only part of a ReadProcessMemory or WriteProcessMemory request was completed. (0x12B)
[0817/140616.209:WARNING:pe_image_reader.cc(340)] could not read dos header from C:\WINDOWS\System32\kernel.appcore.dll
[0817/140616.209:ERROR:process_memory_win.cc(73)] ReadMemory at 0x7ffda7350000 of 64 bytes failed: Only part of a ReadProcessMemory or WriteProcessMemory request was completed. (0x12B)
[0817/140616.209:WARNING:pe_image_reader.cc(340)] could not read dos header from C:\WINDOWS\System32\bcrypt.dll
[0817/140616.209:ERROR:process_memory_win.cc(73)] ReadMemory at 0x7ffd9f670000 of 64 bytes failed: Only part of a ReadProcessMemory or WriteProcessMemory request was completed. (0x12B)
[0817/140616.209:WARNING:pe_image_reader.cc(340)] could not read dos header from C:\WINDOWS\SYSTEM32\dbghelp.dll
[0817/140616.209:ERROR:process_memory_win.cc(73)] ReadMemory at 0x7ffd96c90000 of 64 bytes failed: Only part of a ReadProcessMemory or WriteProcessMemory request was completed. (0x12B)
[0817/140616.209:WARNING:pe_image_reader.cc(340)] could not read dos header from C:\WINDOWS\SYSTEM32\WINHTTP.dll
[0817/140616.209:ERROR:process_memory_win.cc(73)] ReadMemory at 0x7ffd9de10000 of 64 bytes failed: Only part of a ReadProcessMemory or WriteProcessMemory request was completed. (0x12B)
[0817/140616.209:WARNING:pe_image_reader.cc(340)] could not read dos header from C:\WINDOWS\SYSTEM32\dhcpcsvc.DLL
[0817/140616.209:ERROR:process_memory_win.cc(73)] ReadMemory at 0x7ffda9390000 of 64 bytes failed: Only part of a ReadProcessMemory or WriteProcessMemory request was completed. (0x12B)
[0817/140616.209:WARNING:pe_image_reader.cc(340)] could not read dos header from C:\WINDOWS\System32\NSI.dll
[0817/140616.209:ERROR:process_memory_win.cc(73)] ReadMemory at 0x7ffda4ce0000 of 64 bytes failed: Only part of a ReadProcessMemory or WriteProcessMemory request was completed. (0x12B)
[0817/140616.209:WARNING:pe_image_reader.cc(340)] could not read dos header from C:\WINDOWS\SYSTEM32\WINMMBASE.dll
[0817/140616.209:ERROR:process_memory_win.cc(73)] ReadMemory at 0x7ffda8030000 of 64 bytes failed: Only part of a ReadProcessMemory or WriteProcessMemory request was completed. (0x12B)
[0817/140616.209:WARNING:pe_image_reader.cc(340)] could not read dos header from C:\WINDOWS\System32\cfgmgr32.dll
[0817/140616.209:ERROR:process_memory_win.cc(73)] ReadMemory at 0x7ffda3550000 of 64 bytes failed: Only part of a ReadProcessMemory or WriteProcessMemory request was completed. (0x12B)
[0817/140616.209:WARNING:pe_image_reader.cc(340)] could not read dos header from C:\WINDOWS\SYSTEM32\PROPSYS.dll
[0817/140616.209:ERROR:process_memory_win.cc(73)] ReadMemory at 0x7ffda93d0000 of 64 bytes failed: Only part of a ReadProcessMemory or WriteProcessMemory request was completed. (0x12B)
[0817/140616.209:WARNING:pe_image_reader.cc(340)] could not read dos header from C:\WINDOWS\System32\shcore.dll
[0817/140616.209:ERROR:process_memory_win.cc(73)] ReadMemory at 0x7ffda7020000 of 64 bytes failed: Only part of a ReadProcessMemory or WriteProcessMemory request was completed. (0x12B)
[0817/140616.209:WARNING:pe_image_reader.cc(340)] could not read dos header from C:\WINDOWS\SYSTEM32\SSPICLI.DLL
[0817/140616.209:ERROR:process_memory_win.cc(73)] ReadMemory at 0x7ffda6b70000 of 64 bytes failed: Only part of a ReadProcessMemory or WriteProcessMemory request was completed. (0x12B)
[0817/140616.209:WARNING:pe_image_reader.cc(340)] could not read dos header from C:\WINDOWS\SYSTEM32\CRYPTBASE.DLL
[0817/140616.541:ERROR:process_memory_win.cc(73)] ReadMemory at 0x63935ed000 of 77824 bytes failed: Only part of a ReadProcessMemory or WriteProcessMemory request was completed. (0x12B)
[0817/140616.541:ERROR:process_memory_win.cc(73)] ReadMemory at 0x6393dfd000 of 12288 bytes failed: Only part of a ReadProcessMemory or WriteProcessMemory request was completed. (0x12B)
[0817/140616.541:ERROR:process_memory_win.cc(73)] ReadMemory at 0x6394dfc000 of 16384 bytes failed: Only part of a ReadProcessMemory or WriteProcessMemory request was completed. (0x12B)
[0817/140616.541:ERROR:process_memory_win.cc(73)] ReadMemory at 0x63955fb000 of 20480 bytes failed: Only part of a ReadProcessMemory or WriteProcessMemory request was completed. (0x12B)
[0817/140616.541:ERROR:process_memory_win.cc(73)] ReadMemory at 0x6395dff000 of 4096 bytes failed: Only part of a ReadProcessMemory or WriteProcessMemory request was completed. (0x12B)
[0817/140616.541:ERROR:process_memory_win.cc(73)] ReadMemory at 0x63965fd000 of 12288 bytes failed: Only part of a ReadProcessMemory or WriteProcessMemory request was completed. (0x12B)
[0817/140616.541:ERROR:process_memory_win.cc(73)] ReadMemory at 0x6396dfb000 of 20480 bytes failed: Only part of a ReadProcessMemory or WriteProcessMemory request was completed. (0x12B)
[0817/140616.541:ERROR:process_memory_win.cc(73)] ReadMemory at 0x6397dfd000 of 12288 bytes failed: Only part of a ReadProcessMemory or WriteProcessMemory request was completed. (0x12B)
[0817/140616.541:ERROR:process_memory_win.cc(73)] ReadMemory at 0x63985fa000 of 24576 bytes failed: Only part of a ReadProcessMemory or WriteProcessMemory request was completed. (0x12B)
[0817/140616.541:ERROR:process_memory_win.cc(73)] ReadMemory at 0x6398df9000 of 28672 bytes failed: Only part of a ReadProcessMemory or WriteProcessMemory request was completed. (0x12B)
[0817/140616.541:ERROR:process_memory_win.cc(73)] ReadMemory at 0x63995fd000 of 12288 bytes failed: Only part of a ReadProcessMemory or WriteProcessMemory request was completed. (0x12B)
[0817/140616.541:ERROR:process_memory_win.cc(73)] ReadMemory at 0x63975fd000 of 12288 bytes failed: Only part of a ReadProcessMemory or WriteProcessMemory request was completed. (0x12B)
[0817/140616.541:ERROR:process_memory_win.cc(73)] ReadMemory at 0x63945fd000 of 12288 bytes failed: Only part of a ReadProcessMemory or WriteProcessMemory request was completed. (0x12B)
[0817/140616.541:ERROR:process_memory_win.cc(73)] ReadMemory at 0x6399dff000 of 4096 bytes failed: Only part of a ReadProcessMemory or WriteProcessMemory request was completed. (0x12B)
[0817/140616.553:ERROR:process_memory_win.cc(73)] ReadMemory at 0x6392c62000 of 852 bytes failed: Only part of a ReadProcessMemory or WriteProcessMemory request was completed. (0x12B)
[0817/140616.553:ERROR:process_memory_win.cc(73)] ReadMemory at 0x6392c63000 of 6024 bytes failed: Only part of a ReadProcessMemory or WriteProcessMemory request was completed. (0x12B)
[0817/140616.553:ERROR:process_memory_win.cc(73)] ReadMemory at 0x6392c65000 of 6024 bytes failed: Only part of a ReadProcessMemory or WriteProcessMemory request was completed. (0x12B)
[0817/140616.553:ERROR:process_memory_win.cc(73)] ReadMemory at 0x6392c69000 of 6024 bytes failed: Only part of a ReadProcessMemory or WriteProcessMemory request was completed. (0x12B)
[0817/140616.553:ERROR:process_memory_win.cc(73)] ReadMemory at 0x6392c6b000 of 6024 bytes failed: Only part of a ReadProcessMemory or WriteProcessMemory request was completed. (0x12B)
[0817/140616.553:ERROR:process_memory_win.cc(73)] ReadMemory at 0x6392c6d000 of 6024 bytes failed: Only part of a ReadProcessMemory or WriteProcessMemory request was completed. (0x12B)
[0817/140616.553:ERROR:process_memory_win.cc(73)] ReadMemory at 0x6392c6f000 of 6024 bytes failed: Only part of a ReadProcessMemory or WriteProcessMemory request was completed. (0x12B)
[0817/140616.553:ERROR:process_memory_win.cc(73)] ReadMemory at 0x6392c71000 of 6024 bytes failed: Only part of a ReadProcessMemory or WriteProcessMemory request was completed. (0x12B)
[0817/140616.553:ERROR:process_memory_win.cc(73)] ReadMemory at 0x6392c75000 of 6024 bytes failed: Only part of a ReadProcessMemory or WriteProcessMemory request was completed. (0x12B)
[0817/140616.553:ERROR:process_memory_win.cc(73)] ReadMemory at 0x6392c77000 of 6024 bytes failed: Only part of a ReadProcessMemory or WriteProcessMemory request was completed. (0x12B)
[0817/140616.553:ERROR:process_memory_win.cc(73)] ReadMemory at 0x6392c79000 of 6024 bytes failed: Only part of a ReadProcessMemory or WriteProcessMemory request was completed. (0x12B)
[0817/140616.553:ERROR:process_memory_win.cc(73)] ReadMemory at 0x6392c7b000 of 6024 bytes failed: Only part of a ReadProcessMemory or WriteProcessMemory request was completed. (0x12B)
[0817/140616.553:ERROR:process_memory_win.cc(73)] ReadMemory at 0x6392c81000 of 6024 bytes failed: Only part of a ReadProcessMemory or WriteProcessMemory request was completed. (0x12B)
[0817/140616.553:ERROR:process_memory_win.cc(73)] ReadMemory at 0x6392cad000 of 6024 bytes failed: Only part of a ReadProcessMemory or WriteProcessMemory request was completed. (0x12B)
[0817/140616.553:ERROR:process_memory_win.cc(73)] ReadMemory at 0x6392cb1000 of 6024 bytes failed: Only part of a ReadProcessMemory or WriteProcessMemory request was completed. (0x12B)
[0817/140616.553:ERROR:process_memory_win.cc(73)] ReadMemory at 0x1f692880000 of 384 bytes failed: Only part of a ReadProcessMemory or WriteProcessMemory request was completed. (0x12B)
[0817/140616.553:ERROR:process_memory_win.cc(73)] ReadMemory at 0x1f692880fe0 of 3948 bytes failed: Only part of a ReadProcessMemory or WriteProcessMemory request was completed. (0x12B)
[0817/140616.553:ERROR:process_memory_win.cc(73)] ReadMemory at 0x1f692881f60 of 1012 bytes failed: Only part of a ReadProcessMemory or WriteProcessMemory request was completed. (0x12B)
[0817/140616.553:ERROR:process_memory_win.cc(73)] ReadMemory at 0x1f6928825a8 of 118 bytes failed: Only part of a ReadProcessMemory or WriteProcessMemory request was completed. (0x12B)
[0817/140616.553:ERROR:process_memory_win.cc(73)] ReadMemory at 0x1f692882620 of 758 bytes failed: Only part of a ReadProcessMemory or WriteProcessMemory request was completed. (0x12B)
[0817/140616.553:ERROR:process_memory_win.cc(73)] ReadMemory at 0x1f692882918 of 118 bytes failed: Only part of a ReadProcessMemory or WriteProcessMemory request was completed. (0x12B)
[0817/140616.553:ERROR:process_memory_win.cc(73)] ReadMemory at 0x1f692882990 of 96 bytes failed: Only part of a ReadProcessMemory or WriteProcessMemory request was completed. (0x12B)
[0817/140616.569:ERROR:process_memory_win.cc(73)] ReadMemory at 0x1f692882a00 of 58 bytes failed: Only part of a ReadProcessMemory or WriteProcessMemory request was completed. (0x12B)
[0817/140616.569:ERROR:process_memory_win.cc(73)] ReadMemory at 0x1f692882b00 of 132 bytes failed: Only part of a ReadProcessMemory or WriteProcessMemory request was completed. (0x12B)
[0817/140616.569:ERROR:process_memory_win.cc(73)] ReadMemory at 0x1f692882c90 of 132 bytes failed: Only part of a ReadProcessMemory or WriteProcessMemory request was completed. (0x12B)
[0817/140616.569:ERROR:process_memory_win.cc(73)] ReadMemory at 0x1f692882e50 of 126 bytes failed: Only part of a ReadProcessMemory or WriteProcessMemory request was completed. (0x12B)
[0817/140616.569:ERROR:process_memory_win.cc(73)] ReadMemory at 0x1f692883230 of 132 bytes failed: Only part of a ReadProcessMemory or WriteProcessMemory request was completed. (0x12B)
[0817/140616.573:ERROR:process_memory_win.cc(73)] ReadMemory at 0x1f6928833c0 of 64 bytes failed: Only part of a ReadProcessMemory or WriteProcessMemory request was completed. (0x12B)
[0817/140616.573:ERROR:process_memory_win.cc(73)] ReadMemory at 0x1f692883580 of 132 bytes failed: Only part of a ReadProcessMemory or WriteProcessMemory request was completed. (0x12B)
[0817/140616.577:ERROR:process_memory_win.cc(73)] ReadMemory at 0x1f692883820 of 132 bytes failed: Only part of a ReadProcessMemory or WriteProcessMemory request was completed. (0x12B)
[0817/140616.577:ERROR:process_memory_win.cc(73)] ReadMemory at 0x1f6928839b0 of 68 bytes failed: Only part of a ReadProcessMemory or WriteProcessMemory request was completed. (0x12B)
[0817/140616.577:ERROR:process_memory_win.cc(73)] ReadMemory at 0x1f692884a80 of 132 bytes failed: Only part of a ReadProcessMemory or WriteProcessMemory request was completed. (0x12B)
[0817/140616.601:ERROR:process_memory_win.cc(73)] ReadMemory at 0x1f692884c10 of 154 bytes failed: Only part of a ReadProcessMemory or WriteProcessMemory request was completed. (0x12B)
[0817/140616.601:ERROR:process_memory_win.cc(73)] ReadMemory at 0x1f6928859f0 of 62 bytes failed: Only part of a ReadProcessMemory or WriteProcessMemory request was completed. (0x12B)
[0817/140616.601:ERROR:process_memory_win.cc(73)] ReadMemory at 0x1f692885be0 of 60 bytes failed: Only part of a ReadProcessMemory or WriteProcessMemory request was completed. (0x12B)
[0817/140616.601:ERROR:process_memory_win.cc(73)] ReadMemory at 0x1f6928860e0 of 132 bytes failed: Only part of a ReadProcessMemory or WriteProcessMemory request was completed. (0x12B)
[0817/140616.601:ERROR:process_memory_win.cc(73)] ReadMemory at 0x1f692891d90 of 132 bytes failed: Only part of a ReadProcessMemory or WriteProcessMemory request was completed. (0x12B)
[0817/140616.601:ERROR:process_memory_win.cc(73)] ReadMemory at 0x1f692892b20 of 80 bytes failed: Only part of a ReadProcessMemory or WriteProcessMemory request was completed. (0x12B)
[0817/140616.613:ERROR:process_memory_win.cc(73)] ReadMemory at 0x1f692892b80 of 76 bytes failed: Only part of a ReadProcessMemory or WriteProcessMemory request was completed. (0x12B)
[0817/140616.613:ERROR:process_memory_win.cc(73)] ReadMemory at 0x1f692892f40 of 80 bytes failed: Only part of a ReadProcessMemory or WriteProcessMemory request was completed. (0x12B)
[0817/140616.613:ERROR:process_memory_win.cc(73)] ReadMemory at 0x1f692893120 of 132 bytes failed: Only part of a ReadProcessMemory or WriteProcessMemory request was completed. (0x12B)
[0817/140616.613:ERROR:process_memory_win.cc(73)] ReadMemory at 0x1f692893380 of 146 bytes failed: Only part of a ReadProcessMemory or WriteProcessMemory request was completed. (0x12B)
[0817/140616.613:ERROR:process_memory_win.cc(73)] ReadMemory at 0x1f692893470 of 132 bytes failed: Only part of a ReadProcessMemory or WriteProcessMemory request was completed. (0x12B)
[0817/140616.613:ERROR:process_memory_win.cc(73)] ReadMemory at 0x1f692893b90 of 132 bytes failed: Only part of a ReadProcessMemory or WriteProcessMemory request was completed. (0x12B)
[0817/140616.613:ERROR:process_memory_win.cc(73)] ReadMemory at 0x1f6928954e0 of 132 bytes failed: Only part of a ReadProcessMemory or WriteProcessMemory request was completed. (0x12B)
[0817/140616.613:ERROR:process_memory_win.cc(73)] ReadMemory at 0x1f692895700 of 132 bytes failed: Only part of a ReadProcessMemory or WriteProcessMemory request was completed. (0x12B)
[0817/140616.613:ERROR:process_memory_win.cc(73)] ReadMemory at 0x1f692895a60 of 132 bytes failed: Only part of a ReadProcessMemory or WriteProcessMemory request was completed. (0x12B)
[0817/140616.641:ERROR:process_memory_win.cc(73)] ReadMemory at 0x1f692895c70 of 132 bytes failed: Only part of a ReadProcessMemory or WriteProcessMemory request was completed. (0x12B)
[0817/140616.641:ERROR:process_memory_win.cc(73)] ReadMemory at 0x1f692895fa0 of 132 bytes failed: Only part of a ReadProcessMemory or WriteProcessMemory request was completed. (0x12B)
[0817/140616.641:ERROR:process_memory_win.cc(73)] ReadMemory at 0x1f6928960d0 of 132 bytes failed: Only part of a ReadProcessMemory or WriteProcessMemory request was completed. (0x12B)
[0817/140616.641:ERROR:process_memory_win.cc(73)] ReadMemory at 0x1f692896200 of 132 bytes failed: Only part of a ReadProcessMemory or WriteProcessMemory request was completed. (0x12B)
[0817/140616.641:ERROR:process_memory_win.cc(73)] ReadMemory at 0x1f692896330 of 132 bytes failed: Only part of a ReadProcessMemory or WriteProcessMemory request was completed. (0x12B)
[0817/140616.641:ERROR:process_memory_win.cc(73)] ReadMemory at 0x1f692896460 of 132 bytes failed: Only part of a ReadProcessMemory or WriteProcessMemory request was completed. (0x12B)
[0817/140616.641:ERROR:process_memory_win.cc(73)] ReadMemory at 0x1f6928966c0 of 132 bytes failed: Only part of a ReadProcessMemory or WriteProcessMemory request was completed. (0x12B)
[0817/140616.641:ERROR:process_memory_win.cc(73)] ReadMemory at 0x1f6928967f0 of 132 bytes failed: Only part of a ReadProcessMemory or WriteProcessMemory request was completed. (0x12B)
[0817/140616.641:ERROR:process_memory_win.cc(73)] ReadMemory at 0x1f692896920 of 132 bytes failed: Only part of a ReadProcessMemory or WriteProcessMemory request was completed. (0x12B)
[0817/140616.641:ERROR:process_memory_win.cc(73)] ReadMemory at 0x1f692896a50 of 132 bytes failed: Only part of a ReadProcessMemory or WriteProcessMemory request was completed. (0x12B)
[0817/140616.641:ERROR:process_memory_win.cc(73)] ReadMemory at 0x1f692896b80 of 132 bytes failed: Only part of a ReadProcessMemory or WriteProcessMemory request was completed. (0x12B)
[0817/140616.641:ERROR:process_memory_win.cc(73)] ReadMemory at 0x1f692896cb0 of 132 bytes failed: Only part of a ReadProcessMemory or WriteProcessMemory request was completed. (0x12B)
[0817/140616.641:ERROR:process_memory_win.cc(73)] ReadMemory at 0x1f692896de0 of 132 bytes failed: Only part of a ReadProcessMemory or WriteProcessMemory request was completed. (0x12B)
[0817/140616.641:ERROR:process_memory_win.cc(73)] ReadMemory at 0x1f6928983c0 of 62 bytes failed: Only part of a ReadProcessMemory or WriteProcessMemory request was completed. (0x12B)
[0817/140616.645:ERROR:process_memory_win.cc(73)] ReadMemory at 0x1f692898410 of 64 bytes failed: Only part of a ReadProcessMemory or WriteProcessMemory request was completed. (0x12B)
[0817/140616.645:ERROR:process_memory_win.cc(73)] ReadMemory at 0x1f6928984b0 of 64 bytes failed: Only part of a ReadProcessMemory or WriteProcessMemory request was completed. (0x12B)
[0817/140616.645:ERROR:process_memory_win.cc(73)] ReadMemory at 0x1f692898500 of 62 bytes failed: Only part of a ReadProcessMemory or WriteProcessMemory request was completed. (0x12B)
[0817/140616.645:ERROR:process_memory_win.cc(73)] ReadMemory at 0x1f6928985f0 of 64 bytes failed: Only part of a ReadProcessMemory or WriteProcessMemory request was completed. (0x12B)
[0817/140616.645:ERROR:process_memory_win.cc(73)] ReadMemory at 0x1f692898640 of 64 bytes failed: Only part of a ReadProcessMemory or WriteProcessMemory request was completed. (0x12B)
[0817/140616.645:ERROR:process_memory_win.cc(73)] ReadMemory at 0x1f6928986e0 of 62 bytes failed: Only part of a ReadProcessMemory or WriteProcessMemory request was completed. (0x12B)
[0817/140616.645:ERROR:process_memory_win.cc(73)] ReadMemory at 0x1f692898730 of 62 bytes failed: Only part of a ReadProcessMemory or WriteProcessMemory request was completed. (0x12B)
[0817/140616.645:ERROR:process_memory_win.cc(73)] ReadMemory at 0x1f6928987d0 of 62 bytes failed: Only part of a ReadProcessMemory or WriteProcessMemory request was completed. (0x12B)
[0817/140616.677:ERROR:process_memory_win.cc(73)] ReadMemory at 0x1f692898820 of 64 bytes failed: Only part of a ReadProcessMemory or WriteProcessMemory request was completed. (0x12B)
[0817/140616.677:ERROR:process_memory_win.cc(73)] ReadMemory at 0x1f692898910 of 62 bytes failed: Only part of a ReadProcessMemory or WriteProcessMemory request was completed. (0x12B)
[0817/140616.677:ERROR:process_memory_win.cc(73)] ReadMemory at 0x1f692898960 of 66 bytes failed: Only part of a ReadProcessMemory or WriteProcessMemory request was completed. (0x12B)
[0817/140616.677:ERROR:process_memory_win.cc(73)] ReadMemory at 0x1f692898a00 of 60 bytes failed: Only part of a ReadProcessMemory or WriteProcessMemory request was completed. (0x12B)
[0817/140616.677:ERROR:process_memory_win.cc(73)] ReadMemory at 0x1f692898b90 of 66 bytes failed: Only part of a ReadProcessMemory or WriteProcessMemory request was completed. (0x12B)
[0817/140616.705:ERROR:process_memory_win.cc(73)] ReadMemory at 0x1f692898c80 of 62 bytes failed: Only part of a ReadProcessMemory or WriteProcessMemory request was completed. (0x12B)
[0817/140616.705:ERROR:process_memory_win.cc(73)] ReadMemory at 0x1f692898d20 of 64 bytes failed: Only part of a ReadProcessMemory or WriteProcessMemory request was completed. (0x12B)
[0817/140616.705:ERROR:process_memory_win.cc(73)] ReadMemory at 0x1f692898dc0 of 62 bytes failed: Only part of a ReadProcessMemory or WriteProcessMemory request was completed. (0x12B)
[0817/140616.705:ERROR:process_memory_win.cc(73)] ReadMemory at 0x1f692898e10 of 60 bytes failed: Only part of a ReadProcessMemory or WriteProcessMemory request was completed. (0x12B)
[0817/140616.705:ERROR:process_memory_win.cc(73)] ReadMemory at 0x1f692898f50 of 60 bytes failed: Only part of a ReadProcessMemory or WriteProcessMemory request was completed. (0x12B)
[0817/140616.705:ERROR:process_memory_win.cc(73)] ReadMemory at 0x1f692898fa0 of 60 bytes failed: Only part of a ReadProcessMemory or WriteProcessMemory request was completed. (0x12B)
[0817/140616.705:ERROR:process_memory_win.cc(73)] ReadMemory at 0x1f692899040 of 60 bytes failed: Only part of a ReadProcessMemory or WriteProcessMemory request was completed. (0x12B)
[0817/140616.705:ERROR:process_memory_win.cc(73)] ReadMemory at 0x1f6928990e0 of 60 bytes failed: Only part of a ReadProcessMemory or WriteProcessMemory request was completed. (0x12B)
[0817/140616.705:ERROR:process_memory_win.cc(73)] ReadMemory at 0x1f692899130 of 64 bytes failed: Only part of a ReadProcessMemory or WriteProcessMemory request was completed. (0x12B)
[0817/140616.705:ERROR:process_memory_win.cc(73)] ReadMemory at 0x1f692899180 of 64 bytes failed: Only part of a ReadProcessMemory or WriteProcessMemory request was completed. (0x12B)
[0817/140616.705:ERROR:process_memory_win.cc(73)] ReadMemory at 0x1f6928991d0 of 62 bytes failed: Only part of a ReadProcessMemory or WriteProcessMemory request was completed. (0x12B)
[0817/140616.709:ERROR:process_memory_win.cc(73)] ReadMemory at 0x1f692899220 of 62 bytes failed: Only part of a ReadProcessMemory or WriteProcessMemory request was completed. (0x12B)
[0817/140616.709:ERROR:process_memory_win.cc(73)] ReadMemory at 0x1f692899270 of 58 bytes failed: Only part of a ReadProcessMemory or WriteProcessMemory request was completed. (0x12B)
[0817/140616.709:ERROR:process_memory_win.cc(73)] ReadMemory at 0x1f69289a620 of 132 bytes failed: Only part of a ReadProcessMemory or WriteProcessMemory request was completed. (0x12B)
[0817/140616.709:ERROR:process_memory_win.cc(73)] ReadMemory at 0x1f69289a970 of 132 bytes failed: Only part of a ReadProcessMemory or WriteProcessMemory request was completed. (0x12B)
[0817/140616.709:ERROR:process_memory_win.cc(73)] ReadMemory at 0x1f69289e6a0 of 54 bytes failed: Only part of a ReadProcessMemory or WriteProcessMemory request was completed. (0x12B)
[0817/140616.709:ERROR:process_memory_win.cc(73)] ReadMemory at 0x1f69289f7a0 of 132 bytes failed: Only part of a ReadProcessMemory or WriteProcessMemory request was completed. (0x12B)
[0817/140616.709:ERROR:process_memory_win.cc(73)] ReadMemory at 0x1f69289f8d0 of 132 bytes failed: Only part of a ReadProcessMemory or WriteProcessMemory request was completed. (0x12B)
[0817/140616.709:ERROR:process_memory_win.cc(73)] ReadMemory at 0x1f69289fb30 of 132 bytes failed: Only part of a ReadProcessMemory or WriteProcessMemory request was completed. (0x12B)
[0817/140616.709:ERROR:process_memory_win.cc(73)] ReadMemory at 0x1f6928a0250 of 132 bytes failed: Only part of a ReadProcessMemory or WriteProcessMemory request was completed. (0x12B)
[0817/140616.709:ERROR:process_memory_win.cc(73)] ReadMemory at 0x1f6928a0380 of 132 bytes failed: Only part of a ReadProcessMemory or WriteProcessMemory request was completed. (0x12B)
[0817/140616.709:ERROR:process_memory_win.cc(73)] ReadMemory at 0x1f6928a0710 of 132 bytes failed: Only part of a ReadProcessMemory or WriteProcessMemory request was completed. (0x12B)
[0817/140616.709:ERROR:process_memory_win.cc(73)] ReadMemory at 0x1f6928a0840 of 132 bytes failed: Only part of a ReadProcessMemory or WriteProcessMemory request was completed. (0x12B)
[0817/140616.709:ERROR:process_memory_win.cc(73)] ReadMemory at 0x1f6928a0aa0 of 132 bytes failed: Only part of a ReadProcessMemory or WriteProcessMemory request was completed. (0x12B)
[0817/140616.709:ERROR:process_memory_win.cc(73)] ReadMemory at 0x1f6928a0bd0 of 132 bytes failed: Only part of a ReadProcessMemory or WriteProcessMemory request was completed. (0x12B)
[0817/140616.713:ERROR:process_memory_win.cc(73)] ReadMemory at 0x1f6928a0d00 of 132 bytes failed: Only part of a ReadProcessMemory or WriteProcessMemory request was completed. (0x12B)
[0817/140616.713:ERROR:process_memory_win.cc(73)] ReadMemory at 0x1f6928a4388 of 512 bytes failed: Only part of a ReadProcessMemory or WriteProcessMemory request was completed. (0x12B)
[0817/140616.713:ERROR:process_memory_win.cc(73)] ReadMemory at 0x1f6928ae300 of 512 bytes failed: Only part of a ReadProcessMemory or WriteProcessMemory request was completed. (0x12B)
[0817/140616.713:ERROR:process_memory_win.cc(73)] ReadMemory at 0x1f6929044a0 of 512 bytes failed: Only part of a ReadProcessMemory or WriteProcessMemory request was completed. (0x12B)
[0817/140616.725:ERROR:process_memory_win.cc(73)] ReadMemory at 0x1f6929133d0 of 512 bytes failed: Only part of a ReadProcessMemory or WriteProcessMemory request was completed. (0x12B)
[0817/140616.725:ERROR:process_memory_win.cc(73)] ReadMemory at 0x1f69291f7f0 of 712 bytes failed: Only part of a ReadProcessMemory or WriteProcessMemory request was completed. (0x12B)
[0817/140616.765:ERROR:process_memory_win.cc(73)] ReadMemory at 0x1f69292fa20 of 512 bytes failed: Only part of a ReadProcessMemory or WriteProcessMemory request was completed. (0x12B)
[0817/140616.765:ERROR:process_memory_win.cc(73)] ReadMemory at 0x1f69294c510 of 512 bytes failed: Only part of a ReadProcessMemory or WriteProcessMemory request was completed. (0x12B)
[0817/140616.765:ERROR:process_memory_win.cc(73)] ReadMemory at 0x1f694250000 of 384 bytes failed: Only part of a ReadProcessMemory or WriteProcessMemory request was completed. (0x12B)
[0817/140616.765:ERROR:process_memory_win.cc(73)] ReadMemory at 0x1f6943306f0 of 512 bytes failed: Only part of a ReadProcessMemory or WriteProcessMemory request was completed. (0x12B)
[0817/140616.765:ERROR:process_memory_win.cc(73)] ReadMemory at 0x1f69466a550 of 512 bytes failed: Only part of a ReadProcessMemory or WriteProcessMemory request was completed. (0x12B)
[0817/140616.765:ERROR:process_memory_win.cc(73)] ReadMemory at 0x1f6962798c0 of 512 bytes failed: Only part of a ReadProcessMemory or WriteProcessMemory request was completed. (0x12B)
[0817/140616.765:ERROR:process_memory_win.cc(73)] ReadMemory at 0xa19ff2ea7d8 of 512 bytes failed: Only part of a ReadProcessMemory or WriteProcessMemory request was completed. (0x12B)
[0817/140616.765:ERROR:process_memory_win.cc(73)] ReadMemory at 0x54405bb41000 of 512 bytes failed: Only part of a ReadProcessMemory or WriteProcessMemory request was completed. (0x12B)
[0817/140616.765:ERROR:process_memory_win.cc(73)] ReadMemory at 0x54405bb86800 of 512 bytes failed: Only part of a ReadProcessMemory or WriteProcessMemory request was completed. (0x12B)
[0817/140616.765:ERROR:process_memory_win.cc(73)] ReadMemory at 0x551f3c946c08 of 512 bytes failed: Only part of a ReadProcessMemory or WriteProcessMemory request was completed. (0x12B)
[0817/140616.765:ERROR:process_memory_win.cc(73)] ReadMemory at 0x7ffd5b2d5410 of 512 bytes failed: Only part of a ReadProcessMemory or WriteProcessMemory request was completed. (0x12B)
[0817/140616.769:ERROR:process_memory_win.cc(73)] ReadMemory at 0x7ffd5ce5b136 of 512 bytes failed: Only part of a ReadProcessMemory or WriteProcessMemory request was completed. (0x12B)
[0817/140616.769:ERROR:process_memory_win.cc(73)] ReadMemory at 0x7ffd5e4e7140 of 512 bytes failed: Only part of a ReadProcessMemory or WriteProcessMemory request was completed. (0x12B)
[0817/140616.769:ERROR:process_memory_win.cc(73)] ReadMemory at 0x7ffd886279b3 of 512 bytes failed: Only part of a ReadProcessMemory or WriteProcessMemory request was completed. (0x12B)
[0817/140616.769:ERROR:process_memory_win.cc(73)] ReadMemory at 0x7ffd886281a0 of 512 bytes failed: Only part of a ReadProcessMemory or WriteProcessMemory request was completed. (0x12B)
[0817/140616.789:ERROR:process_memory_win.cc(73)] ReadMemory at 0x7ffdaa31c074 of 672 bytes failed: Only part of a ReadProcessMemory or WriteProcessMemory request was completed. (0x12B)
[0817/140616.793:ERROR:process_memory_win.cc(73)] ReadMemory at 0x7ffdaa31f924 of 608 bytes failed: Only part of a ReadProcessMemory or WriteProcessMemory request was completed. (0x12B)
[0817/140616.793:ERROR:process_memory_win.cc(73)] ReadMemory at 0x7ffdaa3ac428 of 18 bytes failed: Only part of a ReadProcessMemory or WriteProcessMemory request was completed. (0x12B)
[0817/140616.793:ERROR:process_memory_win.cc(73)] ReadMemory at 0x7ffdaa3df4f8 of 40 bytes failed: Only part of a ReadProcessMemory or WriteProcessMemory request was completed. (0x12B)
[0817/140616.793:ERROR:process_memory_win.cc(73)] ReadMemory at 0x7ffdaa3df978 of 48 bytes failed: Only part of a ReadProcessMemory or WriteProcessMemory request was completed. (0x12B)
[0817/140616.793:ERROR:process_memory_win.cc(73)] ReadMemory at 0x7ffdaa3e53c0 of 64 bytes failed: Only part of a ReadProcessMemory or WriteProcessMemory request was completed. (0x12B)
[0817/140616.862:ERROR:scoped_process_suspend.cc(40)] NtResumeProcess: An attempt was made to access an exiting process. (0xc000010a)
